<?xml version="1.0" encoding="UTF-8"?>
<!-- Generated by org.testng.reporters.JUnitXMLReporter -->
<testsuite hostname="Malu-PC" ignored="0" name="Test" tests="1" failures="0" timestamp="29 Sep 2018 06:15:57 GMT" time="0.067" errors="0">
  <testcase name="@BeforeMethod openApp" time="0.0" classname="generic.BaseTest">
    <failure type="org.testng.TestNGException" message="
Parameter &amp;apos;ip&amp;apos; is required by BeforeMethod on method openApp but has not been marked @Optional or defined
in C:\Users\Malu\Desktop\Selenium_11\TestNGDemo\testng.xml">
      <![CDATA[org.testng.TestNGException: 
Parameter 'ip' is required by BeforeMethod on method openApp but has not been marked @Optional or defined
in C:\Users\Malu\Desktop\Selenium_11\TestNGDemo\testng.xml
... Removed 25 stack frames]]>
    </failure>
  </testcase> <!-- @BeforeMethod openApp -->
  <testcase name="@AfterMethod closeApp" time="0.007" classname="generic.BaseTest">
    <failure type="java.lang.NullPointerException">
      <![CDATA[java.lang.NullPointerException
at generic.BaseTest.closeApp(BaseTest.java:43)
... Removed 28 stack frames]]>
    </failure>
  </testcase> <!-- @AfterMethod closeApp -->
  <testcase name="testA" time="0.0" classname="script.Test_org">
    <skipped/>
  </testcase> <!-- testA -->
</testsuite> <!-- Test -->
